[<I> - T01 - 04:08:24.148] Initializing new session (from ./state/session.state), command: 
	"CloudExperiments.java 100 RingORAMConc SyncLocal"
[<I> - T01 - 04:08:24.169] Experiment desc: [Scheme] RingORAMConc with SyncLocal storage
	[Input] rsFile: ./input.rs (test: false)
	[Encryption] key hash: 914EE82F9CFEFE46FABF5B1A23F0863E06FD5F44, random prefix size: 8, header size: 10
	[RAM] N: 4096, l: 4078, local posmap cutoff: 268435456
	
[<I> - T01 - 04:08:24.170] Storage key: cep--3c01d93de7 (experiment hash: 3c01d93de7)
[<I> - T01 - 04:08:24.170] Generating random request sequence of length 10000 (init: 5000)...
[<I> - T01 - 04:08:24.298] Generated request sequence dumped to ./input.rs
[<I> - T01 - 04:08:24.311] Starting experiments [runner: parallel] (client name: RingORAM, synchronous: true); will process 100 next requests.
[<I> - T01 - 04:08:24.311] [CA] Opening client...
[<I> - T01 - 04:10:06.508] [CA] Client opened.
[<I> - T01 - 04:10:06.508] [CA] Scheduling Req(type: PUT, id: 1, key: "0")
[<I> - T01 - 04:10:06.668] [CA] Just completed Req(type: PUT, id: 1, key: "0")
[<I> - T01 - 04:10:06.668] [CA] Scheduling Req(type: PUT, id: 2, key: "1")
[<I> - T01 - 04:10:06.791] [CA] Just completed Req(type: PUT, id: 2, key: "1")
[<I> - T01 - 04:10:06.791] [CA] Scheduling Req(type: PUT, id: 3, key: "2")
[<I> - T01 - 04:10:06.908] [CA] Just completed Req(type: PUT, id: 3, key: "2")
[<I> - T01 - 04:10:06.908] [CA] Scheduling Req(type: PUT, id: 4, key: "3")
[<I> - T01 - 04:10:06.999] [CA] Just completed Req(type: PUT, id: 4, key: "3")
[<I> - T01 - 04:10:07.000] [CA] Scheduling Req(type: PUT, id: 5, key: "4")
[<I> - T01 - 04:10:07.096] [CA] Just completed Req(type: PUT, id: 5, key: "4")
[<I> - T01 - 04:10:07.096] [CA] Scheduling Req(type: PUT, id: 6, key: "5")
[<I> - T01 - 04:10:07.193] [CA] Just completed Req(type: PUT, id: 6, key: "5")
[<I> - T01 - 04:10:07.193] [CA] Scheduling Req(type: PUT, id: 7, key: "6")
[<I> - T01 - 04:10:07.281] [CA] Just completed Req(type: PUT, id: 7, key: "6")
[<I> - T01 - 04:10:07.281] [CA] Scheduling Req(type: PUT, id: 8, key: "7")
[<I> - T01 - 04:10:07.362] [CA] Just completed Req(type: PUT, id: 8, key: "7")
[<I> - T01 - 04:10:07.363] [CA] Scheduling Req(type: PUT, id: 9, key: "8")
[<I> - T01 - 04:10:07.434] [CA] Just completed Req(type: PUT, id: 9, key: "8")
[<I> - T01 - 04:10:07.434] [CA] Scheduling Req(type: PUT, id: 10, key: "9")
[<I> - T01 - 04:10:07.505] [CA] Just completed Req(type: PUT, id: 10, key: "9")
[<I> - T01 - 04:10:07.505] [CA] Scheduling Req(type: PUT, id: 11, key: "10")
[<I> - T01 - 04:10:07.590] [CA] Just completed Req(type: PUT, id: 11, key: "10")
[<I> - T01 - 04:10:07.591] [CA] Scheduling Req(type: PUT, id: 12, key: "11")
[<I> - T01 - 04:10:07.648] [CA] Just completed Req(type: PUT, id: 12, key: "11")
[<I> - T01 - 04:10:07.649] [CA] Scheduling Req(type: PUT, id: 13, key: "12")
[<I> - T01 - 04:10:07.658] [CA] Just completed Req(type: PUT, id: 13, key: "12")
[<I> - T01 - 04:10:07.659] [CA] Scheduling Req(type: PUT, id: 14, key: "13")
[<I> - T01 - 04:10:07.751] [CA] Just completed Req(type: PUT, id: 14, key: "13")
[<I> - T01 - 04:10:07.751] [CA] Scheduling Req(type: PUT, id: 15, key: "14")
[<I> - T01 - 04:10:07.848] [CA] Just completed Req(type: PUT, id: 15, key: "14")
[<I> - T01 - 04:10:07.849] [CA] Scheduling Req(type: PUT, id: 16, key: "15")
[<I> - T01 - 04:10:07.907] [CA] Just completed Req(type: PUT, id: 16, key: "15")
[<I> - T01 - 04:10:07.908] [CA] Scheduling Req(type: PUT, id: 17, key: "16")
[<I> - T01 - 04:10:07.978] [CA] Just completed Req(type: PUT, id: 17, key: "16")
[<I> - T01 - 04:10:07.978] [CA] Scheduling Req(type: PUT, id: 18, key: "17")
[<I> - T01 - 04:10:08.073] [CA] Just completed Req(type: PUT, id: 18, key: "17")
[<I> - T01 - 04:10:08.073] [CA] Scheduling Req(type: PUT, id: 19, key: "18")
[<I> - T01 - 04:10:08.125] [CA] Just completed Req(type: PUT, id: 19, key: "18")
[<I> - T01 - 04:10:08.125] [CA] Scheduling Req(type: PUT, id: 20, key: "19")
[<I> - T01 - 04:10:08.208] [CA] Just completed Req(type: PUT, id: 20, key: "19")
[<I> - T01 - 04:10:08.209] [CA] Scheduling Req(type: PUT, id: 21, key: "20")
[<I> - T01 - 04:10:08.305] [CA] Just completed Req(type: PUT, id: 21, key: "20")
[<I> - T01 - 04:10:08.306] [CA] Scheduling Req(type: PUT, id: 22, key: "21")
[<I> - T01 - 04:10:08.349] [CA] Just completed Req(type: PUT, id: 22, key: "21")
[<I> - T01 - 04:10:08.349] [CA] Scheduling Req(type: PUT, id: 23, key: "22")
[<I> - T01 - 04:10:08.433] [CA] Just completed Req(type: PUT, id: 23, key: "22")
[<I> - T01 - 04:10:08.433] [CA] Scheduling Req(type: PUT, id: 24, key: "23")
[<I> - T01 - 04:10:08.516] [CA] Just completed Req(type: PUT, id: 24, key: "23")
[<I> - T01 - 04:10:08.517] [CA] Scheduling Req(type: PUT, id: 25, key: "24")
[<I> - T01 - 04:10:08.572] [CA] Just completed Req(type: PUT, id: 25, key: "24")
[<I> - T01 - 04:10:08.573] [CA] Scheduling Req(type: PUT, id: 26, key: "25")
[<I> - T01 - 04:10:08.610] [CA] Just completed Req(type: PUT, id: 26, key: "25")
[<I> - T01 - 04:10:08.611] [CA] Scheduling Req(type: PUT, id: 27, key: "26")
[<I> - T01 - 04:10:08.675] [CA] Just completed Req(type: PUT, id: 27, key: "26")
[<I> - T01 - 04:10:08.676] [CA] Scheduling Req(type: PUT, id: 28, key: "27")
[<I> - T01 - 04:10:08.714] [CA] Just completed Req(type: PUT, id: 28, key: "27")
[<I> - T01 - 04:10:08.714] [CA] Scheduling Req(type: PUT, id: 29, key: "28")
[<I> - T01 - 04:10:08.774] [CA] Just completed Req(type: PUT, id: 29, key: "28")
[<I> - T01 - 04:10:08.774] [CA] Scheduling Req(type: PUT, id: 30, key: "29")
[<I> - T01 - 04:10:08.854] [CA] Just completed Req(type: PUT, id: 30, key: "29")
[<I> - T01 - 04:10:08.854] [CA] Scheduling Req(type: PUT, id: 31, key: "30")
[<I> - T01 - 04:10:08.933] [CA] Just completed Req(type: PUT, id: 31, key: "30")
[<I> - T01 - 04:10:08.934] [CA] Scheduling Req(type: PUT, id: 32, key: "31")
[<I> - T01 - 04:10:08.996] [CA] Just completed Req(type: PUT, id: 32, key: "31")
[<I> - T01 - 04:10:08.996] [CA] Scheduling Req(type: PUT, id: 33, key: "32")
[<I> - T01 - 04:10:09.033] [CA] Just completed Req(type: PUT, id: 33, key: "32")
[<I> - T01 - 04:10:09.033] [CA] Scheduling Req(type: PUT, id: 34, key: "33")
[<I> - T01 - 04:10:09.116] [CA] Just completed Req(type: PUT, id: 34, key: "33")
[<I> - T01 - 04:10:09.116] [CA] Scheduling Req(type: PUT, id: 35, key: "34")
[<I> - T01 - 04:10:09.397] [CA] Just completed Req(type: PUT, id: 35, key: "34")
[<I> - T01 - 04:10:09.397] [CA] Scheduling Req(type: PUT, id: 36, key: "35")
[<I> - T01 - 04:10:09.476] [CA] Just completed Req(type: PUT, id: 36, key: "35")
[<I> - T01 - 04:10:09.476] [CA] Scheduling Req(type: PUT, id: 37, key: "36")
[<I> - T01 - 04:10:09.529] [CA] Just completed Req(type: PUT, id: 37, key: "36")
[<I> - T01 - 04:10:09.529] [CA] Scheduling Req(type: PUT, id: 38, key: "37")
[<I> - T01 - 04:10:09.646] [CA] Just completed Req(type: PUT, id: 38, key: "37")
[<I> - T01 - 04:10:09.646] [CA] Scheduling Req(type: PUT, id: 39, key: "38")
[<I> - T01 - 04:10:09.711] [CA] Just completed Req(type: PUT, id: 39, key: "38")
[<I> - T01 - 04:10:09.712] [CA] Scheduling Req(type: PUT, id: 40, key: "39")
[<I> - T01 - 04:10:09.894] [CA] Just completed Req(type: PUT, id: 40, key: "39")
[<I> - T01 - 04:10:09.894] [CA] Scheduling Req(type: PUT, id: 41, key: "40")
[<I> - T01 - 04:10:09.936] [CA] Just completed Req(type: PUT, id: 41, key: "40")
[<I> - T01 - 04:10:09.937] [CA] Scheduling Req(type: PUT, id: 42, key: "41")
[<I> - T01 - 04:10:10.014] [CA] Just completed Req(type: PUT, id: 42, key: "41")
[<I> - T01 - 04:10:10.014] [CA] Scheduling Req(type: PUT, id: 43, key: "42")
[<I> - T01 - 04:10:10.182] [CA] Just completed Req(type: PUT, id: 43, key: "42")
[<I> - T01 - 04:10:10.183] [CA] Scheduling Req(type: PUT, id: 44, key: "43")
[<I> - T01 - 04:10:10.219] [CA] Just completed Req(type: PUT, id: 44, key: "43")
[<I> - T01 - 04:10:10.220] [CA] Scheduling Req(type: PUT, id: 45, key: "44")
[<I> - T01 - 04:10:10.272] [CA] Just completed Req(type: PUT, id: 45, key: "44")
[<I> - T01 - 04:10:10.273] [CA] Scheduling Req(type: PUT, id: 46, key: "45")
[<I> - T01 - 04:10:10.340] [CA] Just completed Req(type: PUT, id: 46, key: "45")
[<I> - T01 - 04:10:10.341] [CA] Scheduling Req(type: PUT, id: 47, key: "46")
[<I> - T01 - 04:10:10.421] [CA] Just completed Req(type: PUT, id: 47, key: "46")
[<I> - T01 - 04:10:10.421] [CA] Scheduling Req(type: PUT, id: 48, key: "47")
[<I> - T01 - 04:10:10.485] [CA] Just completed Req(type: PUT, id: 48, key: "47")
[<I> - T01 - 04:10:10.485] [CA] Scheduling Req(type: PUT, id: 49, key: "48")
[<I> - T01 - 04:10:10.516] [CA] Just completed Req(type: PUT, id: 49, key: "48")
[<I> - T01 - 04:10:10.516] [CA] Scheduling Req(type: PUT, id: 50, key: "49")
[<I> - T01 - 04:10:10.585] [CA] Just completed Req(type: PUT, id: 50, key: "49")
[<I> - T01 - 04:10:10.585] [CA] Scheduling Req(type: PUT, id: 51, key: "50")
[<I> - T01 - 04:10:10.629] [CA] Just completed Req(type: PUT, id: 51, key: "50")
[<I> - T01 - 04:10:10.629] [CA] Scheduling Req(type: PUT, id: 52, key: "51")
[<I> - T01 - 04:10:10.651] [CA] Just completed Req(type: PUT, id: 52, key: "51")
[<I> - T01 - 04:10:10.651] [CA] Scheduling Req(type: PUT, id: 53, key: "52")
[<I> - T01 - 04:10:10.725] [CA] Just completed Req(type: PUT, id: 53, key: "52")
[<I> - T01 - 04:10:10.726] [CA] Scheduling Req(type: PUT, id: 54, key: "53")
[<I> - T01 - 04:10:10.764] [CA] Just completed Req(type: PUT, id: 54, key: "53")
[<I> - T01 - 04:10:10.764] [CA] Scheduling Req(type: PUT, id: 55, key: "54")
[<I> - T01 - 04:10:10.831] [CA] Just completed Req(type: PUT, id: 55, key: "54")
[<I> - T01 - 04:10:10.832] [CA] Scheduling Req(type: PUT, id: 56, key: "55")
[<I> - T01 - 04:10:10.910] [CA] Just completed Req(type: PUT, id: 56, key: "55")
[<I> - T01 - 04:10:10.910] [CA] Scheduling Req(type: PUT, id: 57, key: "56")
[<I> - T01 - 04:10:10.991] [CA] Just completed Req(type: PUT, id: 57, key: "56")
[<I> - T01 - 04:10:10.992] [CA] Scheduling Req(type: PUT, id: 58, key: "57")
[<I> - T01 - 04:10:11.046] [CA] Just completed Req(type: PUT, id: 58, key: "57")
[<I> - T01 - 04:10:11.046] [CA] Scheduling Req(type: PUT, id: 59, key: "58")
[<I> - T01 - 04:10:11.093] [CA] Just completed Req(type: PUT, id: 59, key: "58")
[<I> - T01 - 04:10:11.093] [CA] Scheduling Req(type: PUT, id: 60, key: "59")
[<I> - T01 - 04:10:11.150] [CA] Just completed Req(type: PUT, id: 60, key: "59")
[<I> - T01 - 04:10:11.151] [CA] Scheduling Req(type: PUT, id: 61, key: "60")
[<I> - T01 - 04:10:11.188] [CA] Just completed Req(type: PUT, id: 61, key: "60")
[<I> - T01 - 04:10:11.188] [CA] Scheduling Req(type: PUT, id: 62, key: "61")
[<I> - T01 - 04:10:11.261] [CA] Just completed Req(type: PUT, id: 62, key: "61")
[<I> - T01 - 04:10:11.261] [CA] Scheduling Req(type: PUT, id: 63, key: "62")
[<I> - T01 - 04:10:11.323] [CA] Just completed Req(type: PUT, id: 63, key: "62")
[<I> - T01 - 04:10:11.324] [CA] Scheduling Req(type: PUT, id: 64, key: "63")
[<I> - T01 - 04:10:11.352] [CA] Just completed Req(type: PUT, id: 64, key: "63")
[<I> - T01 - 04:10:11.352] [CA] Scheduling Req(type: PUT, id: 65, key: "64")
[<I> - T01 - 04:10:11.438] [CA] Just completed Req(type: PUT, id: 65, key: "64")
[<I> - T01 - 04:10:11.439] [CA] Scheduling Req(type: PUT, id: 66, key: "65")
[<I> - T01 - 04:10:11.560] [CA] Just completed Req(type: PUT, id: 66, key: "65")
[<I> - T01 - 04:10:11.561] [CA] Scheduling Req(type: PUT, id: 67, key: "66")
[<I> - T01 - 04:10:11.630] [CA] Just completed Req(type: PUT, id: 67, key: "66")
[<I> - T01 - 04:10:11.630] [CA] Scheduling Req(type: PUT, id: 68, key: "67")
[<I> - T01 - 04:10:11.689] [CA] Just completed Req(type: PUT, id: 68, key: "67")
[<I> - T01 - 04:10:11.690] [CA] Scheduling Req(type: PUT, id: 69, key: "68")
[<I> - T01 - 04:10:11.725] [CA] Just completed Req(type: PUT, id: 69, key: "68")
[<I> - T01 - 04:10:11.725] [CA] Scheduling Req(type: PUT, id: 70, key: "69")
[<I> - T01 - 04:10:11.813] [CA] Just completed Req(type: PUT, id: 70, key: "69")
[<I> - T01 - 04:10:11.814] [CA] Scheduling Req(type: PUT, id: 71, key: "70")
[<I> - T01 - 04:10:11.987] [CA] Just completed Req(type: PUT, id: 71, key: "70")
[<I> - T01 - 04:10:11.987] [CA] Scheduling Req(type: PUT, id: 72, key: "71")
[<I> - T01 - 04:10:12.067] [CA] Just completed Req(type: PUT, id: 72, key: "71")
[<I> - T01 - 04:10:12.068] [CA] Scheduling Req(type: PUT, id: 73, key: "72")
[<I> - T01 - 04:10:12.108] [CA] Just completed Req(type: PUT, id: 73, key: "72")
[<I> - T01 - 04:10:12.109] [CA] Scheduling Req(type: PUT, id: 74, key: "73")
[<I> - T01 - 04:10:12.155] [CA] Just completed Req(type: PUT, id: 74, key: "73")
[<I> - T01 - 04:10:12.155] [CA] Scheduling Req(type: PUT, id: 75, key: "74")
[<I> - T01 - 04:10:12.185] [CA] Just completed Req(type: PUT, id: 75, key: "74")
[<I> - T01 - 04:10:12.185] [CA] Scheduling Req(type: PUT, id: 76, key: "75")
[<I> - T01 - 04:10:12.255] [CA] Just completed Req(type: PUT, id: 76, key: "75")
[<I> - T01 - 04:10:12.255] [CA] Scheduling Req(type: PUT, id: 77, key: "76")
[<I> - T01 - 04:10:12.298] [CA] Just completed Req(type: PUT, id: 77, key: "76")
[<I> - T01 - 04:10:12.299] [CA] Scheduling Req(type: PUT, id: 78, key: "77")
[<I> - T01 - 04:10:12.354] [CA] Just completed Req(type: PUT, id: 78, key: "77")
[<I> - T01 - 04:10:12.355] [CA] Scheduling Req(type: PUT, id: 79, key: "78")
[<I> - T01 - 04:10:12.413] [CA] Just completed Req(type: PUT, id: 79, key: "78")
[<I> - T01 - 04:10:12.413] [CA] Scheduling Req(type: PUT, id: 80, key: "79")
[<I> - T01 - 04:10:12.421] [CA] Just completed Req(type: PUT, id: 80, key: "79")
[<I> - T01 - 04:10:12.423] [CA] Scheduling Req(type: PUT, id: 81, key: "80")
[<I> - T01 - 04:10:12.508] [CA] Just completed Req(type: PUT, id: 81, key: "80")
[<I> - T01 - 04:10:12.509] [CA] Scheduling Req(type: PUT, id: 82, key: "81")
[<I> - T01 - 04:10:12.517] [CA] Just completed Req(type: PUT, id: 82, key: "81")
[<I> - T01 - 04:10:12.517] [CA] Scheduling Req(type: PUT, id: 83, key: "82")
[<I> - T01 - 04:10:12.569] [CA] Just completed Req(type: PUT, id: 83, key: "82")
[<I> - T01 - 04:10:12.569] [CA] Scheduling Req(type: PUT, id: 84, key: "83")
[<I> - T01 - 04:10:12.628] [CA] Just completed Req(type: PUT, id: 84, key: "83")
[<I> - T01 - 04:10:12.628] [CA] Scheduling Req(type: PUT, id: 85, key: "84")
[<I> - T01 - 04:10:12.696] [CA] Just completed Req(type: PUT, id: 85, key: "84")
[<I> - T01 - 04:10:12.696] [CA] Scheduling Req(type: PUT, id: 86, key: "85")
[<I> - T01 - 04:10:12.722] [CA] Just completed Req(type: PUT, id: 86, key: "85")
[<I> - T01 - 04:10:12.722] [CA] Scheduling Req(type: PUT, id: 87, key: "86")
[<I> - T01 - 04:10:12.781] [CA] Just completed Req(type: PUT, id: 87, key: "86")
[<I> - T01 - 04:10:12.781] [CA] Scheduling Req(type: PUT, id: 88, key: "87")
[<I> - T01 - 04:10:12.874] [CA] Just completed Req(type: PUT, id: 88, key: "87")
[<I> - T01 - 04:10:12.875] [CA] Scheduling Req(type: PUT, id: 89, key: "88")
[<I> - T01 - 04:10:12.930] [CA] Just completed Req(type: PUT, id: 89, key: "88")
[<I> - T01 - 04:10:12.930] [CA] Scheduling Req(type: PUT, id: 90, key: "89")
[<I> - T01 - 04:10:12.996] [CA] Just completed Req(type: PUT, id: 90, key: "89")
[<I> - T01 - 04:10:12.997] [CA] Scheduling Req(type: PUT, id: 91, key: "90")
[<I> - T01 - 04:10:13.057] [CA] Just completed Req(type: PUT, id: 91, key: "90")
[<I> - T01 - 04:10:13.058] [CA] Scheduling Req(type: PUT, id: 92, key: "91")
[<I> - T01 - 04:10:13.117] [CA] Just completed Req(type: PUT, id: 92, key: "91")
[<I> - T01 - 04:10:13.117] [CA] Scheduling Req(type: PUT, id: 93, key: "92")
[<I> - T01 - 04:10:13.150] [CA] Just completed Req(type: PUT, id: 93, key: "92")
[<I> - T01 - 04:10:13.150] [CA] Scheduling Req(type: PUT, id: 94, key: "93")
[<I> - T01 - 04:10:13.157] [CA] Just completed Req(type: PUT, id: 94, key: "93")
[<I> - T01 - 04:10:13.157] [CA] Scheduling Req(type: PUT, id: 95, key: "94")
[<I> - T01 - 04:10:13.198] [CA] Just completed Req(type: PUT, id: 95, key: "94")
[<I> - T01 - 04:10:13.198] [CA] Scheduling Req(type: PUT, id: 96, key: "95")
[<I> - T01 - 04:10:13.246] [CA] Just completed Req(type: PUT, id: 96, key: "95")
[<I> - T01 - 04:10:13.247] [CA] Scheduling Req(type: PUT, id: 97, key: "96")
[<I> - T01 - 04:10:13.268] [CA] Just completed Req(type: PUT, id: 97, key: "96")
[<I> - T01 - 04:10:13.268] [CA] Scheduling Req(type: PUT, id: 98, key: "97")
[<I> - T01 - 04:10:13.337] [CA] Just completed Req(type: PUT, id: 98, key: "97")
[<I> - T01 - 04:10:13.337] [CA] Scheduling Req(type: PUT, id: 99, key: "98")
[<I> - T01 - 04:10:13.347] [CA] Just completed Req(type: PUT, id: 99, key: "98")
[<I> - T01 - 04:10:13.347] [CA] Scheduling Req(type: PUT, id: 100, key: "99")
[<I> - T01 - 04:10:13.410] [CA] Just completed Req(type: PUT, id: 100, key: "99")
[<I> - T01 - 04:10:13.411] 100 requests processed.
[<I> - T01 - 04:10:13.411] [CA] Closing client...
[<I> - T01 - 04:10:13.581] [CA] Client closed...
[<I> - T01 - 04:10:13.581] All done, dumping performance log to ./log/3c01d93de7.perfeval.log...
[<I> - T01 - 04:10:13.594] Exiting.
